<?xml version="1.0" encoding="UTF-8"?>
<testng-results ignored="0" total="1" passed="1" failed="0" skipped="0">
  <reporter-output>
  </reporter-output>
  <suite started-at="2024-12-31T08:10:56 IST" name="Default suite" finished-at="2024-12-31T08:11:18 IST" duration-ms="21382">
    <groups>
    </groups>
    <test started-at="2024-12-31T08:10:56 IST" name="Default test" finished-at="2024-12-31T08:11:18 IST" duration-ms="21382">
      <class name="extentreports.extentreports.ExtentReportDemo">
        <test-method is-config="true" signature="config()[pri:0, instance:extentreports.extentreports.ExtentReportDemo@4b741d6d]" started-at="2024-12-31T08:10:56 IST" name="config" finished-at="2024-12-31T08:10:57 IST" duration-ms="680" status="PASS">
          <reporter-output>
          </reporter-output>
        </test-method> <!-- config -->
        <test-method signature="initialDriver()[pri:0, instance:extentreports.extentreports.ExtentReportDemo@4b741d6d]" started-at="2024-12-31T08:10:57 IST" name="initialDriver" finished-at="2024-12-31T08:11:18 IST" duration-ms="20602" status="PASS">
          <reporter-output>
          </reporter-output>
        </test-method> <!-- initialDriver -->
      </class> <!-- extentreports.extentreports.ExtentReportDemo -->
    </test> <!-- Default test -->
  </suite> <!-- Default suite -->
</testng-results>
